<?xml version="1.0" encoding="UTF-8"?>
<!-- Generated by org.testng.reporters.JUnitXMLReporter -->
<testsuite ignored="0" hostname="DESKTOP-QLFSHB3" failures="0" tests="1" name="Test-Runner2" time="26.018" errors="0" timestamp="2022-12-01T07:30:09 IST">
  <testcase classname="com.testsripts.demoblaze.AddToCart" name="addToCartTest" time="5.394"/>
</testsuite> <!-- Test-Runner2 -->
