<?xml version="1.0" encoding="UTF-8"?>
<!-- Generated by org.testng.reporters.JUnitReportReporter -->
<testsuite hostname="DESKTOP-QLFSHB3" failures="0" tests="2" name="com.genericlib.demoblaze.Base" time="15.910" errors="0" timestamp="2022-11-30T10:39:46 IST" skipped="0">
  <testcase classname="com.genericlib.demoblaze.Base" name="test2" time="8.394"/>
  <system-out/>
  <testcase classname="com.genericlib.demoblaze.Base" name="test1" time="7.516"/>
  <system-out/>
</testsuite> <!-- com.genericlib.demoblaze.Base -->
