<?xml version="1.0" encoding="UTF-8"?>
<!-- Generated by org.testng.reporters.JUnitReportReporter -->
<testsuite hostname="DESKTOP-QLFSHB3" failures="0" tests="1" name="com.testsripts.demoblaze.DeleteProductFromCart" time="34.136" errors="0" timestamp="2022-12-07T09:36:36 IST" skipped="0">
  <testcase classname="com.testsripts.demoblaze.DeleteProductFromCart" name="deleteProductFromCartTest" time="34.136"/>
  <system-out>
    <![CDATA[DeletedNexus 6 from cart]]>
  </system-out>
</testsuite> <!-- com.testsripts.demoblaze.DeleteProductFromCart -->
