<?xml version="1.0" encoding="UTF-8"?>
<!-- Generated by org.testng.reporters.JUnitReportReporter -->
<testsuite hostname="DESKTOP-QLFSHB3" failures="0" tests="1" name="com.testsripts.demoblaze.AddToCart" time="14.903" errors="0" timestamp="2022-12-07T09:36:36 IST" skipped="0">
  <testcase classname="com.testsripts.demoblaze.AddToCart" name="addToCartTest" time="14.903"/>
  <system-out>
    <![CDATA[Added to cart]]>
  </system-out>
</testsuite> <!-- com.testsripts.demoblaze.AddToCart -->
